\BOOKMARK [1][-]{section.1}{\376\377\000P\000u\000r\000p\000o\000s\000e\000\040\000o\000f\000\040\000T\000h\000i\000s\000\040\000D\000o\000c\000u\000m\000e\000n\000t}{}% 1
\BOOKMARK [1][-]{section.2}{\376\377\000G\000u\000i\000d\000i\000n\000g\000\040\000P\000r\000i\000n\000c\000i\000p\000l\000e}{}% 2
\BOOKMARK [1][-]{section.3}{\376\377\000T\000h\000e\000\040\000P\000r\000o\000b\000l\000e\000m\000\040\000W\000e\000\040\000A\000r\000e\000\040\000T\000r\000y\000i\000n\000g\000\040\000t\000o\000\040\000S\000o\000l\000v\000e}{}% 3
\BOOKMARK [1][-]{section.4}{\376\377\000M\000i\000g\000r\000a\000t\000i\000o\000n\000,\000\040\000I\000m\000m\000i\000g\000r\000a\000t\000i\000o\000n\000,\000\040\000a\000n\000d\000\040\000F\000l\000o\000u\000r\000i\000s\000h\000i\000n\000g}{}% 4
\BOOKMARK [1][-]{section.5}{\376\377\000I\000n\000s\000t\000i\000t\000u\000t\000i\000o\000n\000a\000l\000\040\000V\000i\000r\000t\000u\000e\000s}{}% 5
\BOOKMARK [2][-]{subsection.5.1}{\376\377\000S\000c\000h\000o\000l\000a\000r\000l\000y\000\040\000E\000x\000c\000e\000l\000l\000e\000n\000c\000e}{section.5}% 6
\BOOKMARK [2][-]{subsection.5.2}{\376\377\000I\000n\000t\000e\000l\000l\000e\000c\000t\000u\000a\000l\000\040\000G\000e\000n\000e\000r\000o\000s\000i\000t\000y}{section.5}% 7
\BOOKMARK [2][-]{subsection.5.3}{\376\377\000C\000o\000m\000m\000u\000n\000i\000t\000y}{section.5}% 8
\BOOKMARK [2][-]{subsection.5.4}{\376\377\000C\000o\000n\000t\000i\000n\000u\000i\000t\000y}{section.5}% 9
\BOOKMARK [2][-]{subsection.5.5}{\376\377\000O\000p\000e\000n\000n\000e\000s\000s}{section.5}% 10
\BOOKMARK [2][-]{subsection.5.6}{\376\377\000H\000u\000m\000i\000l\000i\000t\000y}{section.5}% 11
\BOOKMARK [2][-]{subsection.5.7}{\376\377\000B\000e\000a\000u\000t\000y}{section.5}% 12
\BOOKMARK [2][-]{subsection.5.8}{\376\377\000H\000o\000s\000p\000i\000t\000a\000l\000i\000t\000y}{section.5}% 13
\BOOKMARK [2][-]{subsection.5.9}{\376\377\000L\000i\000v\000i\000n\000g\000\040\000S\000c\000h\000o\000l\000a\000r\000s\000h\000i\000p}{section.5}% 14
\BOOKMARK [1][-]{section.6}{\376\377\000D\000e\000s\000i\000r\000e\000d\000\040\000V\000i\000s\000i\000t\000o\000r\000\040\000E\000x\000p\000e\000r\000i\000e\000n\000c\000e}{}% 15
\BOOKMARK [1][-]{section.7}{\376\377\000P\000r\000i\000m\000a\000r\000y\000\040\000A\000u\000d\000i\000e\000n\000c\000e\000s}{}% 16
\BOOKMARK [1][-]{section.8}{\376\377\000D\000e\000s\000i\000g\000n\000\040\000L\000a\000n\000g\000u\000a\000g\000e}{}% 17
\BOOKMARK [2][-]{subsection.8.1}{\376\377\000T\000o\000n\000e}{section.8}% 18
\BOOKMARK [2][-]{subsection.8.2}{\376\377\000T\000y\000p\000o\000g\000r\000a\000p\000h\000y}{section.8}% 19
\BOOKMARK [2][-]{subsection.8.3}{\376\377\000C\000o\000l\000o\000r}{section.8}% 20
\BOOKMARK [2][-]{subsection.8.4}{\376\377\000I\000m\000a\000g\000e\000r\000y}{section.8}% 21
\BOOKMARK [2][-]{subsection.8.5}{\376\377\000W\000h\000i\000t\000e\000s\000p\000a\000c\000e}{section.8}% 22
\BOOKMARK [2][-]{subsection.8.6}{\376\377\000N\000a\000v\000i\000g\000a\000t\000i\000o\000n}{section.8}% 23
\BOOKMARK [1][-]{section.9}{\376\377\000I\000n\000f\000o\000r\000m\000a\000t\000i\000o\000n\000\040\000A\000r\000c\000h\000i\000t\000e\000c\000t\000u\000r\000e}{}% 24
\BOOKMARK [1][-]{section.10}{\376\377\000T\000e\000c\000h\000n\000o\000l\000o\000g\000y\000\040\000P\000r\000i\000n\000c\000i\000p\000l\000e\000s}{}% 25
\BOOKMARK [1][-]{section.11}{\376\377\000A\000I\000\040\000a\000s\000\040\000D\000e\000s\000i\000g\000n\000\040\000P\000a\000r\000t\000n\000e\000r}{}% 26
\BOOKMARK [1][-]{section.12}{\376\377\000W\000h\000a\000t\000\040\000W\000e\000\040\000W\000i\000l\000l\000\040\000N\000o\000t\000\040\000D\000o}{}% 27
\BOOKMARK [1][-]{section.13}{\376\377\000R\000o\000a\000d\000m\000a\000p}{}% 28
\BOOKMARK [2][-]{subsection.13.1}{\376\377\000P\000h\000a\000s\000e\000\040\0000\000:\000\040\000P\000r\000e\000s\000e\000r\000v\000a\000t\000i\000o\000n}{section.13}% 29
\BOOKMARK [2][-]{subsection.13.2}{\376\377\000P\000h\000a\000s\000e\000\040\0001\000:\000\040\000V\000i\000s\000i\000o\000n\000\040\000a\000n\000d\000\040\000V\000i\000r\000t\000u\000e\000s}{section.13}% 30
\BOOKMARK [2][-]{subsection.13.3}{\376\377\000P\000h\000a\000s\000e\000\040\0002\000:\000\040\000O\000n\000e\000\040\000P\000a\000g\000e\000\040\000P\000r\000o\000t\000o\000t\000y\000p\000e}{section.13}% 31
\BOOKMARK [2][-]{subsection.13.4}{\376\377\000P\000h\000a\000s\000e\000\040\0003\000:\000\040\000D\000e\000s\000i\000g\000n\000\040\000S\000y\000s\000t\000e\000m}{section.13}% 32
\BOOKMARK [2][-]{subsection.13.5}{\376\377\000P\000h\000a\000s\000e\000\040\0004\000:\000\040\000C\000o\000n\000t\000e\000n\000t\000\040\000C\000u\000r\000a\000t\000i\000o\000n}{section.13}% 33
\BOOKMARK [2][-]{subsection.13.6}{\376\377\000P\000h\000a\000s\000e\000\040\0005\000:\000\040\000F\000u\000l\000l\000\040\000W\000e\000b\000s\000i\000t\000e\000\040\000B\000u\000i\000l\000d}{section.13}% 34
\BOOKMARK [2][-]{subsection.13.7}{\376\377\000P\000h\000a\000s\000e\000\040\0006\000:\000\040\000R\000e\000v\000i\000e\000w\000\040\000a\000n\000d\000\040\000L\000a\000u\000n\000c\000h}{section.13}% 35
\BOOKMARK [1][-]{section.14}{\376\377\000M\000e\000a\000s\000u\000r\000e\000s\000\040\000o\000f\000\040\000S\000u\000c\000c\000e\000s\000s}{}% 36
\BOOKMARK [1][-]{section.15}{\376\377\000C\000l\000o\000s\000i\000n\000g\000\040\000S\000t\000a\000t\000e\000m\000e\000n\000t}{}% 37
